  Sourse.cpp
c:\users\pavl\desktop\coursework\coursework\data.h(44): warning C4244: =: преобразование "int" в "float", возможна потеря данных
c:\users\pavl\desktop\coursework\coursework\data.h(46): warning C4244: =: преобразование "int" в "float", возможна потеря данных
  View.cpp
c:\users\pavl\desktop\coursework\coursework\data.h(44): warning C4244: =: преобразование "int" в "float", возможна потеря данных
c:\users\pavl\desktop\coursework\coursework\data.h(46): warning C4244: =: преобразование "int" в "float", возможна потеря данных
c:\users\pavl\desktop\coursework\coursework\view.cpp(155): warning C4018: <: несоответствие типов со знаком и без знака
c:\users\pavl\desktop\coursework\coursework\view.cpp(217): warning C4018: <: несоответствие типов со знаком и без знака
c:\users\pavl\desktop\coursework\coursework\view.cpp(225): warning C4018: <: несоответствие типов со знаком и без знака
c:\users\pavl\desktop\coursework\coursework\view.cpp(263): warning C4018: <: несоответствие типов со знаком и без знака
c:\users\pavl\desktop\coursework\coursework\view.cpp(383): warning C4018: <: несоответствие типов со знаком и без знака
c:\users\pavl\desktop\coursework\coursework\view.cpp(385): warning C4018: <: несоответствие типов со знаком и без знака
c:\users\pavl\desktop\coursework\coursework\view.cpp(430): warning C4018: <: несоответствие типов со знаком и без знака
c:\users\pavl\desktop\coursework\coursework\view.cpp(434): warning C4018: <: несоответствие типов со знаком и без знака
c:\users\pavl\desktop\coursework\coursework\view.cpp(463): warning C4018: <: несоответствие типов со знаком и без знака
  Создание кода
  2 of 308 functions ( 0.6%) were compiled, the rest were copied from previous compilation.
    0 functions were new in current compilation
    0 functions had inline decision re-evaluated but remain unchanged
  Создание кода завершено
  CourseWork.vcxproj -> C:\Users\pavl\Desktop\CourseWork\Release\CourseWork.exe
